<html xmlns:string="xalan://java.lang.String" xmlns:lxslt="http://xml.apache.org/xslt">
    <head>
        <META http-equiv="Content-Type" content="text/html; charset=UTF-8">
        <title>Unit Test Results: runners.JUnitTestRunner</title>
        <link rel="stylesheet" type="text/css" title="Style" href="../stylesheet.css">
        <script type="text/javascript" language="JavaScript">
        var TestCases = new Array();
        var cur;
        
    cur = TestCases['runners.JUnitTestRunner'] = new Array();
    
        cur['ant.core.lib'] = 'C:\\Users\\HP\\.p2\\pool\\plugins\\org.apache.ant_1.10.12.v20211102-1452\\lib\\ant.jar';
    
        cur['ant.file'] = 'D:\\Gateway_QA\\Selenium\\eclipse-workspace\\AppiumResturant365\\build.xml';
    
        cur['ant.file.AppiumResturant365'] = 'D:\\Gateway_QA\\Selenium\\eclipse-workspace\\AppiumResturant365\\build.xml';
    
        cur['ant.file.type.AppiumResturant365'] = 'file';
    
        cur['ant.home'] = 'C:\\Users\\HP\\.p2\\pool\\plugins\\org.apache.ant_1.10.12.v20211102-1452';
    
        cur['ant.java.version'] = '15';
    
        cur['ant.library.dir'] = 'C:\\Users\\HP\\.p2\\pool\\plugins\\org.apache.ant_1.10.12.v20211102-1452\\lib';
    
        cur['ant.project.default-target'] = 'build';
    
        cur['ant.project.invoked-targets'] = 'build,JUnitTestRunner (2),junitreport';
    
        cur['ant.project.name'] = 'AppiumResturant365';
    
        cur['ant.version'] = 'Apache Ant(TM) version 1.10.12 compiled on October 13 2021';
    
        cur['basedir'] = 'D:\\Gateway_QA\\Selenium\\eclipse-workspace\\AppiumResturant365';
    
        cur['debuglevel'] = 'source,lines,vars';
    
        cur['ECLIPSE_HOME'] = 'C:/Users/HP/eclipse/java-2021-12/eclipse/';
    
        cur['eclipse.pdebuild.home'] = 'C:\\Users\\HP\\eclipse\\java-2021-12\\eclipse\\..\\..\\..\\.p2\\pool\\plugins\\org.eclipse.pde.build_3.11.100.v20210916-0743\\.';
    
        cur['eclipse.pdebuild.scripts'] = 'C:\\Users\\HP\\eclipse\\java-2021-12\\eclipse\\..\\..\\..\\.p2\\pool\\plugins\\org.eclipse.pde.build_3.11.100.v20210916-0743\\scripts';
    
        cur['eclipse.pdebuild.templates'] = 'C:\\Users\\HP\\eclipse\\java-2021-12\\eclipse\\..\\..\\..\\.p2\\pool\\plugins\\org.eclipse.pde.build_3.11.100.v20210916-0743\\templates';
    
        cur['env.ALLUSERSPROFILE'] = 'C:\\ProgramData';
    
        cur['env.ANDROID_HOME'] = 'C:\\Users\\HP\\AppData\\Local\\Android\\Sdk';
    
        cur['env.ANT_HOME'] = 'C:\\Users\\HP\\.p2\\pool\\plugins\\org.apache.ant_1.10.12.v20211102-1452';
    
        cur['env.APPDATA'] = 'C:\\Users\\HP\\AppData\\Roaming';
    
        cur['env.CommonProgramFiles'] = 'C:\\Program Files\\Common Files';
    
        cur['env.CommonProgramFiles(x86)'] = 'C:\\Program Files (x86)\\Common Files';
    
        cur['env.CommonProgramW6432'] = 'C:\\Program Files\\Common Files';
    
        cur['env.COMPUTERNAME'] = 'DESKTOP-IA94U8T';
    
        cur['env.ComSpec'] = 'C:\\WINDOWS\\system32\\cmd.exe';
    
        cur['env.DriverData'] = 'C:\\Windows\\System32\\Drivers\\DriverData';
    
        cur['env.FPS_BROWSER_APP_PROFILE_STRING'] = 'Internet Explorer';
    
        cur['env.FPS_BROWSER_USER_PROFILE_STRING'] = 'Default';
    
        cur['env.HOMEDRIVE'] = 'C:';
    
        cur['env.HOMEPATH'] = '\\Users\\HP';
    
        cur['env.JAVA_HOME'] = 'C:\\Program Files\\Java\\jdk-15.0.2';
    
        cur['env.LOCALAPPDATA'] = 'C:\\Users\\HP\\AppData\\Local';
    
        cur['env.LOGONSERVER'] = '\\\\DESKTOP-IA94U8T';
    
        cur['env.MAVEN_HOME'] = 'C:\\Users\\HP\\Documents\\apache-maven-3.8.4';
    
        cur['env.NUMBER_OF_PROCESSORS'] = '12';
    
        cur['env.OneDrive'] = 'C:\\Users\\HP\\OneDrive';
    
        cur['env.OneDriveConsumer'] = 'C:\\Users\\HP\\OneDrive';
    
        cur['env.OS'] = 'Windows_NT';
    
        cur['env.Path'] = 'C:/Users/HP/.p2/pool/plugins/org.eclipse.justj.openjdk.hotspot.jre.full.win32.x86_64_17.0.2.v20220201-1208/jre/bin/server;C:/Users/HP/.p2/pool/plugins/org.eclipse.justj.openjdk.hotspot.jre.full.win32.x86_64_17.0.2.v20220201-1208/jre/bin;C:\\Program Files\\Common Files\\Oracle\\Java\\javapath;C:\\Program Files (x86)\\Common Files\\Oracle\\Java\\javapath;C:\\ProgramData\\Oracle\\Java\\javapath;C:\\WINDOWS\\system32;C:\\WINDOWS;C:\\WINDOWS\\System32\\Wbem;C:\\WINDOWS\\System32\\WindowsPowerShell\\v1.0\\;C:\\WINDOWS\\System32\\OpenSSH\\;C:\\Program Files\\nodejs\\;C:\\Program Files\\nodejs\\node_modules\\npm\\bin;C:\\Users\\HP\\Documents\\apache-maven-3.8.4\\bin;C:\\Users\\HP\\AppData\\Local\\Android\\Sdk\\platform-tools\\;C:\\Users\\HP\\AppData\\Local\\Android\\Sdk\\tools;C:\\Users\\HP\\AppData\\Local\\Android\\Sdk\\tools\\bin;C:\\Program Files\\Git\\cmd;D:\\Gateway_QA\\JMeter\\apache-jmeter-5.4.3\\bin;C:\\Users\\HP\\AppData\\Local\\Programs\\Python\\Python310\\Scripts\\;C:\\Users\\HP\\AppData\\Local\\Programs\\Python\\Python310\\;C:\\Users\\HP\\scoop\\shims;C:\\Users\\HP\\AppData\\Local\\Microsoft\\WindowsApps;C:\\Users\\HP\\AppData\\Local\\GitHubDesktop\\bin;C:\\Users\\HP\\Downloads\\8900_Signature_tool_20200512\\8900_Signature_tool\\tools\\bin;C:\\Users\\HP\\Documents\\flutter\\bin;;C:\\Users\\HP\\AppData\\Local\\Programs\\Microsoft VS Code\\bin;C:\\Users\\HP\\AppData\\Roaming\\npm;C:\\Users\\HP\\eclipse\\java-2021-12\\eclipse;';
    
        cur['env.PATHEXT'] = '.COM;.EXE;.BAT;.CMD;.VBS;.VBE;.JS;.JSE;.WSF;.WSH;.MSC';
    
        cur['env.PROCESSOR_ARCHITECTURE'] = 'AMD64';
    
        cur['env.PROCESSOR_IDENTIFIER'] = 'Intel64 Family 6 Model 158 Stepping 13, GenuineIntel';
    
        cur['env.PROCESSOR_LEVEL'] = '6';
    
        cur['env.PROCESSOR_REVISION'] = '9e0d';
    
        cur['env.ProgramData'] = 'C:\\ProgramData';
    
        cur['env.ProgramFiles'] = 'C:\\Program Files';
    
        cur['env.ProgramFiles(x86)'] = 'C:\\Program Files (x86)';
    
        cur['env.ProgramW6432'] = 'C:\\Program Files';
    
        cur['env.PROMPT'] = '$P$G';
    
        cur['env.PSModulePath'] = 'C:\\Program Files\\WindowsPowerShell\\Modules;C:\\WINDOWS\\system32\\WindowsPowerShell\\v1.0\\Modules';
    
        cur['env.PUBLIC'] = 'C:\\Users\\Public';
    
        cur['env.SESSIONNAME'] = 'Console';
    
        cur['env.SystemDrive'] = 'C:';
    
        cur['env.SystemRoot'] = 'C:\\WINDOWS';
    
        cur['env.TEMP'] = 'C:\\Users\\HP\\AppData\\Local\\Temp';
    
        cur['env.TMP'] = 'C:\\Users\\HP\\AppData\\Local\\Temp';
    
        cur['env.USERDOMAIN'] = 'DESKTOP-IA94U8T';
    
        cur['env.USERDOMAIN_ROAMINGPROFILE'] = 'DESKTOP-IA94U8T';
    
        cur['env.USERNAME'] = 'Eng. Amal Hamad';
    
        cur['env.USERPROFILE'] = 'C:\\Users\\HP';
    
        cur['env.VSTOOLS'] = 'C:\\Users\\HP\\Downloads\\8900_Signature_tool_20200512\\8900_Signature_tool\\tools';
    
        cur['env.windir'] = 'C:\\WINDOWS';
    
        cur['file.encoding'] = 'Cp1252';
    
        cur['file.separator'] = '\\';
    
        cur['java.class.path'] = 'D:\\Gateway_QA\\Selenium\\eclipse-workspace\\AppiumResturant365\\target\\classes;C:\\Users\\HP\\.m2\\repository\\io\\appium\\java-client\\7.6.0\\java-client-7.6.0.jar;C:\\Users\\HP\\.m2\\repository\\org\\seleniumhq\\selenium\\selenium-java\\3.141.59\\selenium-java-3.141.59.jar;C:\\Users\\HP\\.m2\\repository\\org\\seleniumhq\\selenium\\selenium-chrome-driver\\3.141.59\\selenium-chrome-driver-3.141.59.jar;C:\\Users\\HP\\.m2\\repository\\org\\seleniumhq\\selenium\\selenium-edge-driver\\3.141.59\\selenium-edge-driver-3.141.59.jar;C:\\Users\\HP\\.m2\\repository\\org\\seleniumhq\\selenium\\selenium-firefox-driver\\3.141.59\\selenium-firefox-driver-3.141.59.jar;C:\\Users\\HP\\.m2\\repository\\org\\seleniumhq\\selenium\\selenium-ie-driver\\3.141.59\\selenium-ie-driver-3.141.59.jar;C:\\Users\\HP\\.m2\\repository\\org\\seleniumhq\\selenium\\selenium-opera-driver\\3.141.59\\selenium-opera-driver-3.141.59.jar;C:\\Users\\HP\\.m2\\repository\\org\\seleniumhq\\selenium\\selenium-remote-driver\\3.141.59\\selenium-remote-driver-3.141.59.jar;C:\\Users\\HP\\.m2\\repository\\org\\seleniumhq\\selenium\\selenium-safari-driver\\3.141.59\\selenium-safari-driver-3.141.59.jar;C:\\Users\\HP\\.m2\\repository\\net\\bytebuddy\\byte-buddy\\1.8.15\\byte-buddy-1.8.15.jar;C:\\Users\\HP\\.m2\\repository\\org\\apache\\commons\\commons-exec\\1.3\\commons-exec-1.3.jar;C:\\Users\\HP\\.m2\\repository\\com\\google\\guava\\guava\\25.0-jre\\guava-25.0-jre.jar;C:\\Users\\HP\\.m2\\repository\\com\\google\\code\\findbugs\\jsr305\\1.3.9\\jsr305-1.3.9.jar;C:\\Users\\HP\\.m2\\repository\\org\\checkerframework\\checker-compat-qual\\2.0.0\\checker-compat-qual-2.0.0.jar;C:\\Users\\HP\\.m2\\repository\\com\\google\\errorprone\\error_prone_annotations\\2.1.3\\error_prone_annotations-2.1.3.jar;C:\\Users\\HP\\.m2\\repository\\com\\google\\j2objc\\j2objc-annotations\\1.1\\j2objc-annotations-1.1.jar;C:\\Users\\HP\\.m2\\repository\\org\\codehaus\\mojo\\animal-sniffer-annotations\\1.14\\animal-sniffer-annotations-1.14.jar;C:\\Users\\HP\\.m2\\repository\\com\\squareup\\okhttp3\\okhttp\\3.11.0\\okhttp-3.11.0.jar;C:\\Users\\HP\\.m2\\repository\\com\\squareup\\okio\\okio\\1.14.0\\okio-1.14.0.jar;C:\\Users\\HP\\.m2\\repository\\org\\seleniumhq\\selenium\\selenium-support\\3.141.59\\selenium-support-3.141.59.jar;C:\\Users\\HP\\.m2\\repository\\org\\seleniumhq\\selenium\\selenium-api\\3.141.59\\selenium-api-3.141.59.jar;C:\\Users\\HP\\.m2\\repository\\com\\google\\code\\gson\\gson\\2.8.8\\gson-2.8.8.jar;C:\\Users\\HP\\.m2\\repository\\org\\apache\\httpcomponents\\httpclient\\4.5.13\\httpclient-4.5.13.jar;C:\\Users\\HP\\.m2\\repository\\org\\apache\\httpcomponents\\httpcore\\4.4.13\\httpcore-4.4.13.jar;C:\\Users\\HP\\.m2\\repository\\commons-logging\\commons-logging\\1.2\\commons-logging-1.2.jar;C:\\Users\\HP\\.m2\\repository\\commons-codec\\commons-codec\\1.11\\commons-codec-1.11.jar;C:\\Users\\HP\\.m2\\repository\\cglib\\cglib\\3.3.0\\cglib-3.3.0.jar;C:\\Users\\HP\\.m2\\repository\\org\\ow2\\asm\\asm\\7.1\\asm-7.1.jar;C:\\Users\\HP\\.m2\\repository\\commons-validator\\commons-validator\\1.7\\commons-validator-1.7.jar;C:\\Users\\HP\\.m2\\repository\\commons-beanutils\\commons-beanutils\\1.9.4\\commons-beanutils-1.9.4.jar;C:\\Users\\HP\\.m2\\repository\\commons-digester\\commons-digester\\2.1\\commons-digester-2.1.jar;C:\\Users\\HP\\.m2\\repository\\commons-collections\\commons-collections\\3.2.2\\commons-collections-3.2.2.jar;C:\\Users\\HP\\.m2\\repository\\org\\apache\\commons\\commons-lang3\\3.12.0\\commons-lang3-3.12.0.jar;C:\\Users\\HP\\.m2\\repository\\commons-io\\commons-io\\2.11.0\\commons-io-2.11.0.jar;C:\\Users\\HP\\.m2\\repository\\org\\springframework\\spring-context\\5.3.10\\spring-context-5.3.10.jar;C:\\Users\\HP\\.m2\\repository\\org\\springframework\\spring-aop\\5.3.10\\spring-aop-5.3.10.jar;C:\\Users\\HP\\.m2\\repository\\org\\springframework\\spring-beans\\5.3.10\\spring-beans-5.3.10.jar;C:\\Users\\HP\\.m2\\repository\\org\\springframework\\spring-core\\5.3.10\\spring-core-5.3.10.jar;C:\\Users\\HP\\.m2\\repository\\org\\springframework\\spring-jcl\\5.3.10\\spring-jcl-5.3.10.jar;C:\\Users\\HP\\.m2\\repository\\org\\springframework\\spring-expression\\5.3.10\\spring-expression-5.3.10.jar;C:\\Users\\HP\\.m2\\repository\\org\\aspectj\\aspectjweaver\\1.9.7\\aspectjweaver-1.9.7.jar;C:\\Users\\HP\\.m2\\repository\\org\\slf4j\\slf4j-api\\1.7.32\\slf4j-api-1.7.32.jar;C:\\Users\\HP\\.m2\\repository\\junit\\junit\\4.13.1\\junit-4.13.1.jar;C:\\Users\\HP\\.m2\\repository\\org\\hamcrest\\hamcrest-core\\1.3\\hamcrest-core-1.3.jar;C:\\Users\\HP\\.p2\\pool\\plugins\\org.junit_4.13.2.v20211018-1956.jar;C:\\Users\\HP\\.p2\\pool\\plugins\\org.hamcrest.core_1.3.0.v20180420-1519.jar;C:\\Users\\HP\\.p2\\pool\\plugins\\org.apache.ant_1.10.12.v20211102-1452\\lib\\ant-launcher.jar;C:\\Users\\HP\\.p2\\pool\\plugins\\org.apache.ant_1.10.12.v20211102-1452\\lib\\ant.jar;C:\\Users\\HP\\.p2\\pool\\plugins\\org.apache.ant_1.10.12.v20211102-1452\\lib\\ant-junit.jar;C:\\Users\\HP\\.p2\\pool\\plugins\\org.apache.ant_1.10.12.v20211102-1452\\lib\\ant-junit4.jar';
    
        cur['java.class.version'] = '59.0';
    
        cur['java.home'] = 'C:\\Program Files\\Java\\jdk-15.0.2';
    
        cur['java.io.tmpdir'] = 'C:\\Users\\HP\\AppData\\Local\\Temp\\';
    
        cur['java.library.path'] = 'C:\\Program Files\\Java\\jdk-15.0.2\\bin;C:\\WINDOWS\\Sun\\Java\\bin;C:\\WINDOWS\\system32;C:\\WINDOWS;C:/Users/HP/.p2/pool/plugins/org.eclipse.justj.openjdk.hotspot.jre.full.win32.x86_64_17.0.2.v20220201-1208/jre/bin/server;C:/Users/HP/.p2/pool/plugins/org.eclipse.justj.openjdk.hotspot.jre.full.win32.x86_64_17.0.2.v20220201-1208/jre/bin;C:\\Program Files\\Common Files\\Oracle\\Java\\javapath;C:\\Program Files (x86)\\Common Files\\Oracle\\Java\\javapath;C:\\ProgramData\\Oracle\\Java\\javapath;C:\\WINDOWS\\system32;C:\\WINDOWS;C:\\WINDOWS\\System32\\Wbem;C:\\WINDOWS\\System32\\WindowsPowerShell\\v1.0\\;C:\\WINDOWS\\System32\\OpenSSH\\;C:\\Program Files\\nodejs\\;C:\\Program Files\\nodejs\\node_modules\\npm\\bin;C:\\Users\\HP\\Documents\\apache-maven-3.8.4\\bin;C:\\Users\\HP\\AppData\\Local\\Android\\Sdk\\platform-tools\\;C:\\Users\\HP\\AppData\\Local\\Android\\Sdk\\tools;C:\\Users\\HP\\AppData\\Local\\Android\\Sdk\\tools\\bin;C:\\Program Files\\Git\\cmd;D:\\Gateway_QA\\JMeter\\apache-jmeter-5.4.3\\bin;C:\\Users\\HP\\AppData\\Local\\Programs\\Python\\Python310\\Scripts\\;C:\\Users\\HP\\AppData\\Local\\Programs\\Python\\Python310\\;C:\\Users\\HP\\scoop\\shims;C:\\Users\\HP\\AppData\\Local\\Microsoft\\WindowsApps;C:\\Users\\HP\\AppData\\Local\\GitHubDesktop\\bin;C:\\Users\\HP\\Downloads\\8900_Signature_tool_20200512\\8900_Signature_tool\\tools\\bin;C:\\Users\\HP\\Documents\\flutter\\bin;;C:\\Users\\HP\\AppData\\Local\\Programs\\Microsoft VS Code\\bin;C:\\Users\\HP\\AppData\\Roaming\\npm;C:\\Users\\HP\\eclipse\\java-2021-12\\eclipse;;.';
    
        cur['java.runtime.name'] = 'Java(TM) SE Runtime Environment';
    
        cur['java.runtime.version'] = '15.0.2+7-27';
    
        cur['java.specification.name'] = 'Java Platform API Specification';
    
        cur['java.specification.vendor'] = 'Oracle Corporation';
    
        cur['java.specification.version'] = '15';
    
        cur['java.vendor'] = 'Oracle Corporation';
    
        cur['java.vendor.url'] = 'https://java.oracle.com/';
    
        cur['java.vendor.url.bug'] = 'https://bugreport.java.com/bugreport/';
    
        cur['java.version'] = '15.0.2';
    
        cur['java.version.date'] = '2021-01-19';
    
        cur['java.vm.compressedOopsMode'] = 'Zero based';
    
        cur['java.vm.info'] = 'mixed mode, sharing';
    
        cur['java.vm.name'] = 'Java HotSpot(TM) 64-Bit Server VM';
    
        cur['java.vm.specification.name'] = 'Java Virtual Machine Specification';
    
        cur['java.vm.specification.vendor'] = 'Oracle Corporation';
    
        cur['java.vm.specification.version'] = '15';
    
        cur['java.vm.vendor'] = 'Oracle Corporation';
    
        cur['java.vm.version'] = '15.0.2+7-27';
    
        cur['jdk.debug'] = 'release';
    
        cur['junit.output.dir'] = 'junit';
    
        cur['line.separator'] = '\r\n';
    
        cur['os.arch'] = 'amd64';
    
        cur['os.name'] = 'Windows 10';
    
        cur['os.version'] = '10.0';
    
        cur['path.separator'] = ';';
    
        cur['source'] = '11';
    
        cur['sun.arch.data.model'] = '64';
    
        cur['sun.boot.library.path'] = 'C:\\Program Files\\Java\\jdk-15.0.2\\bin';
    
        cur['sun.cpu.endian'] = 'little';
    
        cur['sun.cpu.isalist'] = 'amd64';
    
        cur['sun.io.unicode.encoding'] = 'UnicodeLittle';
    
        cur['sun.java.command'] = 'org.apache.tools.ant.taskdefs.optional.junit.JUnitTestRunner runners.JUnitTestRunner skipNonTests=false filtertrace=true haltOnError=false haltOnFailure=false formatter=org.apache.tools.ant.taskdefs.optional.junit.OutErrSummaryJUnitResultFormatter showoutput=false outputtoformatters=true logfailedtests=true threadid=0 logtestlistenerevents=false formatter=org.apache.tools.ant.taskdefs.optional.junit.XMLJUnitResultFormatter,D:\\Gateway_QA\\Selenium\\eclipse-workspace\\AppiumResturant365\\junit\\TEST-runners.JUnitTestRunner.xml crashfile=D:\\Gateway_QA\\Selenium\\eclipse-workspace\\AppiumResturant365\\junitvmwatcher11644960878837868747.properties propsfile=D:\\Gateway_QA\\Selenium\\eclipse-workspace\\AppiumResturant365\\junit9633078401168816491.properties';
    
        cur['sun.java.launcher'] = 'SUN_STANDARD';
    
        cur['sun.jnu.encoding'] = 'Cp1252';
    
        cur['sun.management.compiler'] = 'HotSpot 64-Bit Tiered Compilers';
    
        cur['sun.os.patch.level'] = '';
    
        cur['target'] = '11';
    
        cur['user.country'] = 'US';
    
        cur['user.dir'] = 'D:\\Gateway_QA\\Selenium\\eclipse-workspace\\AppiumResturant365';
    
        cur['user.home'] = 'C:\\Users\\HP';
    
        cur['user.language'] = 'en';
    
        cur['user.name'] = 'Eng. Amal Hamad';
    
        cur['user.script'] = '';
    
        cur['user.variant'] = '';
    </script><script type="text/javascript" language="JavaScript">
        function displayProperties (name) {
          var win = window.open('','JUnitSystemProperties','scrollbars=1,resizable=1');
          var doc = win.document;
          doc.open();
          doc.write("<html><head><title>Properties of " + name + "</title>");
          doc.write("<style type=\"text/css\">");
          doc.write("body {font:normal 68% verdana,arial,helvetica; color:#000000; }");
          doc.write("table tr td, table tr th { font-size: 68%; }");
          doc.write("table.properties { border-collapse:collapse; border-left:solid 1 #cccccc; border-top:solid 1 #cccccc; padding:5px; }");
          doc.write("table.properties th { text-align:left; border-right:solid 1 #cccccc; border-bottom:solid 1 #cccccc; background-color:#eeeeee; }");
          doc.write("table.properties td { font:normal; text-align:left; border-right:solid 1 #cccccc; border-bottom:solid 1 #cccccc; background-color:#fffffff; }");
          doc.write("h3 { margin-bottom: 0.5em; font: bold 115% verdana,arial,helvetica }");
          doc.write("</style>");
          doc.write("</head><body>");
          doc.write("<h3>Properties of " + name + "</h3>");
          doc.write("<div align=\"right\"><a href=\"javascript:window.close();\">Close</a></div>");
          doc.write("<table class='properties'>");
          doc.write("<tr><th>Name</th><th>Value</th></tr>");
          for (prop in TestCases[name]) {
            doc.write("<tr><th>" + prop + "</th><td>" + TestCases[name][prop] + "</td></tr>");
          }
          doc.write("</table>");
          doc.write("</body></html>");
          doc.close();
          win.focus();
        }
      
      </script>
    </head>
    <body>
        <h1>Unit Test Results.</h1>
        <table width="100%">
            <tr>
                <td align="left"></td><td align="right">Designed for use with <a href="https://www.junit.org/">JUnit</a> and <a href="https://ant.apache.org/">Ant</a>.</td>
            </tr>
        </table>
        <hr size="1">
        <h3>Class runners.JUnitTestRunner</h3>
        <table class="details" border="0" cellpadding="5" cellspacing="2" width="95%">
            <tr valign="top">
                <th width="80%">Name</th><th>Tests</th><th>Errors</th><th>Failures</th><th>Skipped</th><th nowrap>Time(s)</th><th nowrap>Time Stamp</th><th>Host</th>
            </tr>
            <tr valign="top" class="Error">
                <td><a title="Display all tests" href="0_JUnitTestRunner.html">JUnitTestRunner</a></td><td><a title="Display all tests" href="0_JUnitTestRunner.html">9</a></td><td><a title="Display only errors" href="0_JUnitTestRunner-errors.html">10</a></td><td>0</td><td>0</td><td>31.346</td><td>2022-03-14T09:18:19</td><td>DESKTOP-IA94U8T</td>
            </tr>
        </table>
        <h2>Errors</h2>
        <table class="details" border="0" cellpadding="5" cellspacing="2" width="95%">
            <tr valign="top">
                <th>Name</th><th>Status</th><th width="80%">Type</th><th nowrap>Time(s)</th>
            </tr>
            <tr valign="top" class="Error">
                <td><a name="tests.LoginTest"></a>tests.LoginTest</td><td>Error</td><td>Unable to create a new remote session. Please check the server log for more details. Original error: An unknown server-side error occurred while processing the command. Original error: Cannot start the 'com.restaurant365.dev' application. Visit https://github.com/appium/appium/blob/master/docs/en/writing-running-appium/android/activity-startup.md for troubleshooting. Original error: 'com.restaurant365.ui.splash.SplashActivity' or 'com.restaurant365.dev.com.restaurant365.ui.splash.SplashActivity' never started. Visit https://github.com/appium/appium/blob/master/docs/en/writing-running-appium/android/activity-startup.md for troubleshooting
Build info: version: '3.141.59', revision: 'e82be7d358', time: '2018-11-14T08:17:03'
System info: host: 'DESKTOP-IA94U8T', ip: '172.27.112.1', os.name: 'Windows 10', os.arch: 'amd64', os.version: '10.0', java.version: '15.0.2'
Driver info: driver.version: AndroidDriver
remote stacktrace: UnknownError: An unknown server-side error occurred while processing the command. Original error: Cannot start the 'com.restaurant365.dev' application. Visit https://github.com/appium/appium/blob/master/docs/en/writing-running-appium/android/activity-startup.md for troubleshooting. Original error: 'com.restaurant365.ui.splash.SplashActivity' or 'com.restaurant365.dev.com.restaurant365.ui.splash.SplashActivity' never started. Visit https://github.com/appium/appium/blob/master/docs/en/writing-running-appium/android/activity-startup.md for troubleshooting
    at getResponseForW3CError (C:\Users\HP\AppData\Roaming\npm\node_modules\appium\node_modules\appium-base-driver\lib\protocol\errors.js:804:9)
    at asyncHandler (C:\Users\HP\AppData\Roaming\npm\node_modules\appium\node_modules\appium-base-driver\lib\protocol\protocol.js:380:37)
Build info: version: '3.141.59', revision: 'e82be7d358', time: '2018-11-14T08:17:03'
System info: host: 'DESKTOP-IA94U8T', ip: '172.27.112.1', os.name: 'Windows 10', os.arch: 'amd64', os.version: '10.0', java.version: '15.0.2'
Driver info: driver.version: AndroidDriver
                    <br>
                    <br>
                    <code>org.openqa.selenium.SessionNotCreatedException: Unable to create a new remote session. Please check the server log for more details. Original error: An unknown server-side error occurred while processing the command. Original error: Cannot start the 'com.restaurant365.dev' application. Visit https://github.com/appium/appium/blob/master/docs/en/writing-running-appium/android/activity-startup.md for troubleshooting. Original error: 'com.restaurant365.ui.splash.SplashActivity' or 'com.restaurant365.dev.com.restaurant365.ui.splash.SplashActivity' never started. Visit https://github.com/appium/appium/blob/master/docs/en/writing-running-appium/android/activity-startup.md for troubleshooting
                        <br>
                        Build info: version: '3.141.59', revision: 'e82be7d358', time: '2018-11-14T08:17:03'
                        <br>
                        System info: host: 'DESKTOP-IA94U8T', ip: '172.27.112.1', os.name: 'Windows 10', os.arch: 'amd64', os.version: '10.0', java.version: '15.0.2'
                        <br>
                        Driver info: driver.version: AndroidDriver
                        <br>
                        remote stacktrace: UnknownError: An unknown server-side error occurred while processing the command. Original error: Cannot start the 'com.restaurant365.dev' application. Visit https://github.com/appium/appium/blob/master/docs/en/writing-running-appium/android/activity-startup.md for troubleshooting. Original error: 'com.restaurant365.ui.splash.SplashActivity' or 'com.restaurant365.dev.com.restaurant365.ui.splash.SplashActivity' never started. Visit https://github.com/appium/appium/blob/master/docs/en/writing-running-appium/android/activity-startup.md for troubleshooting
                        <br>
                            at getResponseForW3CError (C:\Users\HP\AppData\Roaming\npm\node_modules\appium\node_modules\appium-base-driver\lib\protocol\errors.js:804:9)
                        <br>
                            at asyncHandler (C:\Users\HP\AppData\Roaming\npm\node_modules\appium\node_modules\appium-base-driver\lib\protocol\protocol.js:380:37)
                        <br>
                        Build info: version: '3.141.59', revision: 'e82be7d358', time: '2018-11-14T08:17:03'
                        <br>
                        System info: host: 'DESKTOP-IA94U8T', ip: '172.27.112.1', os.name: 'Windows 10', os.arch: 'amd64', os.version: '10.0', java.version: '15.0.2'
                        <br>
                        Driver info: driver.version: AndroidDriver
                        <br>
                        	at io.appium.java_client.remote.AppiumCommandExecutor$1.createSession(AppiumCommandExecutor.java:216)
                        <br>
                        	at io.appium.java_client.remote.AppiumCommandExecutor.createSession(AppiumCommandExecutor.java:225)
                        <br>
                        	at io.appium.java_client.remote.AppiumCommandExecutor.execute(AppiumCommandExecutor.java:250)
                        <br>
                        	at org.openqa.selenium.remote.RemoteWebDriver.execute(RemoteWebDriver.java:552)
                        <br>
                        	at io.appium.java_client.DefaultGenericMobileDriver.execute(DefaultGenericMobileDriver.java:41)
                        <br>
                        	at io.appium.java_client.AppiumDriver.execute(AppiumDriver.java:1)
                        <br>
                        	at io.appium.java_client.android.AndroidDriver.execute(AndroidDriver.java:1)
                        <br>
                        	at org.openqa.selenium.remote.RemoteWebDriver.startSession(RemoteWebDriver.java:213)
                        <br>
                        	at io.appium.java_client.AppiumDriver.startSession(AppiumDriver.java:363)
                        <br>
                        	at org.openqa.selenium.remote.RemoteWebDriver.&lt;init&gt;(RemoteWebDriver.java:131)
                        <br>
                        	at io.appium.java_client.DefaultGenericMobileDriver.&lt;init&gt;(DefaultGenericMobileDriver.java:37)
                        <br>
                        	at io.appium.java_client.AppiumDriver.&lt;init&gt;(AppiumDriver.java:89)
                        <br>
                        	at io.appium.java_client.AppiumDriver.&lt;init&gt;(AppiumDriver.java:99)
                        <br>
                        	at io.appium.java_client.android.AndroidDriver.&lt;init&gt;(AndroidDriver.java:97)
                        <br>
                        	at tests.BaseTest.driverSetUp(BaseTest.java:44)
                        <br>
                        	at java.base/jdk.internal.reflect.NativeMethodAccessorImpl.invoke0(Native Method)
                        <br>
                        	at java.base/jdk.internal.reflect.NativeMethodAccessorImpl.invoke(NativeMethodAccessorImpl.java:64)
                        <br>
                        	at java.base/jdk.internal.reflect.DelegatingMethodAccessorImpl.invoke(DelegatingMethodAccessorImpl.java:43)
                        <br>
                        Caused by: java.lang.reflect.InvocationTargetException
                        <br>
                        	at java.base/jdk.internal.reflect.NativeMethodAccessorImpl.invoke0(Native Method)
                        <br>
                        	at java.base/jdk.internal.reflect.NativeMethodAccessorImpl.invoke(NativeMethodAccessorImpl.java:64)
                        <br>
                        	at java.base/jdk.internal.reflect.DelegatingMethodAccessorImpl.invoke(DelegatingMethodAccessorImpl.java:43)
                        <br>
                        	at io.appium.java_client.remote.AppiumCommandExecutor$1.createSession(AppiumCommandExecutor.java:193)
                        <br>
                        Caused by: org.openqa.selenium.WebDriverException: An unknown server-side error occurred while processing the command. Original error: Cannot start the 'com.restaurant365.dev' application. Visit https://github.com/appium/appium/blob/master/docs/en/writing-running-appium/android/activity-startup.md for troubleshooting. Original error: 'com.restaurant365.ui.splash.SplashActivity' or 'com.restaurant365.dev.com.restaurant365.ui.splash.SplashActivity' never started. Visit https://github.com/appium/appium/blob/master/docs/en/writing-running-appium/android/activity-startup.md for troubleshooting
                        <br>
                        Build info: version: '3.141.59', revision: 'e82be7d358', time: '2018-11-14T08:17:03'
                        <br>
                        System info: host: 'DESKTOP-IA94U8T', ip: '172.27.112.1', os.name: 'Windows 10', os.arch: 'amd64', os.version: '10.0', java.version: '15.0.2'
                        <br>
                        Driver info: driver.version: AndroidDriver
                        <br>
                        remote stacktrace: UnknownError: An unknown server-side error occurred while processing the command. Original error: Cannot start the 'com.restaurant365.dev' application. Visit https://github.com/appium/appium/blob/master/docs/en/writing-running-appium/android/activity-startup.md for troubleshooting. Original error: 'com.restaurant365.ui.splash.SplashActivity' or 'com.restaurant365.dev.com.restaurant365.ui.splash.SplashActivity' never started. Visit https://github.com/appium/appium/blob/master/docs/en/writing-running-appium/android/activity-startup.md for troubleshooting
                        <br>
                            at getResponseForW3CError (C:\Users\HP\AppData\Roaming\npm\node_modules\appium\node_modules\appium-base-driver\lib\protocol\errors.js:804:9)
                        <br>
                            at asyncHandler (C:\Users\HP\AppData\Roaming\npm\node_modules\appium\node_modules\appium-base-driver\lib\protocol\protocol.js:380:37)
                        <br>
                        	at java.base/jdk.internal.reflect.NativeConstructorAccessorImpl.newInstance0(Native Method)
                        <br>
                        	at java.base/jdk.internal.reflect.NativeConstructorAccessorImpl.newInstance(NativeConstructorAccessorImpl.java:64)
                        <br>
                        	at java.base/jdk.internal.reflect.DelegatingConstructorAccessorImpl.newInstance(DelegatingConstructorAccessorImpl.java:45)
                        <br>
                        	at java.base/java.lang.reflect.Constructor.newInstanceWithCaller(Constructor.java:500)
                        <br>
                        	at java.base/java.lang.reflect.Constructor.newInstance(Constructor.java:481)
                        <br>
                        	at org.openqa.selenium.remote.W3CHandshakeResponse.lambda$errorHandler$0(W3CHandshakeResponse.java:62)
                        <br>
                        	at org.openqa.selenium.remote.HandshakeResponse.lambda$getResponseFunction$0(HandshakeResponse.java:30)
                        <br>
                        	at org.openqa.selenium.remote.ProtocolHandshake.lambda$createSession$0(ProtocolHandshake.java:126)
                        <br>
                        	at java.base/java.util.stream.ReferencePipeline$3$1.accept(ReferencePipeline.java:195)
                        <br>
                        	at java.base/java.util.Spliterators$ArraySpliterator.tryAdvance(Spliterators.java:958)
                        <br>
                        	at java.base/java.util.stream.ReferencePipeline.forEachWithCancel(ReferencePipeline.java:127)
                        <br>
                        	at java.base/java.util.stream.AbstractPipeline.copyIntoWithCancel(AbstractPipeline.java:502)
                        <br>
                        	at java.base/java.util.stream.AbstractPipeline.copyInto(AbstractPipeline.java:488)
                        <br>
                        	at java.base/java.util.stream.AbstractPipeline.wrapAndCopyInto(AbstractPipeline.java:474)
                        <br>
                        	at java.base/java.util.stream.FindOps$FindOp.evaluateSequential(FindOps.java:150)
                        <br>
                        	at java.base/java.util.stream.AbstractPipeline.evaluate(AbstractPipeline.java:234)
                        <br>
                        	at java.base/java.util.stream.ReferencePipeline.findFirst(ReferencePipeline.java:543)
                        <br>
                        	at org.openqa.selenium.remote.ProtocolHandshake.createSession(ProtocolHandshake.java:128)
                        <br>
                    </code></td><td>0.000</td>
            </tr>
            <tr valign="top" class="Error">
                <td><a name="TC01_verifyManagerCanNavigateToInventoryCount"></a>TC01_verifyManagerCanNavigateToInventoryCount</td><td>Error</td><td>Can not set io.appium.java_client.MobileElement field ui.InventoryCount.InventoryCount.openNavigationIcon to org.openqa.selenium.remote.RemoteWebElement$$EnhancerByCGLIB$$d27c0df4
                    <br>
                    <br>
                    <code>java.lang.IllegalArgumentException: Can not set io.appium.java_client.MobileElement field ui.InventoryCount.InventoryCount.openNavigationIcon to org.openqa.selenium.remote.RemoteWebElement$$EnhancerByCGLIB$$d27c0df4
                        <br>
                        	at java.base/jdk.internal.reflect.UnsafeFieldAccessorImpl.throwSetIllegalArgumentException(UnsafeFieldAccessorImpl.java:167)
                        <br>
                        	at java.base/jdk.internal.reflect.UnsafeFieldAccessorImpl.throwSetIllegalArgumentException(UnsafeFieldAccessorImpl.java:171)
                        <br>
                        	at java.base/jdk.internal.reflect.UnsafeObjectFieldAccessorImpl.set(UnsafeObjectFieldAccessorImpl.java:81)
                        <br>
                        	at java.base/java.lang.reflect.Field.set(Field.java:793)
                        <br>
                        	at org.openqa.selenium.support.PageFactory.proxyFields(PageFactory.java:117)
                        <br>
                        	at org.openqa.selenium.support.PageFactory.initElements(PageFactory.java:105)
                        <br>
                        	at tests.BaseTest.&lt;init&gt;(BaseTest.java:26)
                        <br>
                        	at ui.InventoryCount.InventoryCount.&lt;init&gt;(InventoryCount.java:9)
                        <br>
                        	at ui.InventoryCount.InventoryCountActions.&lt;init&gt;(InventoryCountActions.java:14)
                        <br>
                        	at tests.InventoryCountTests.&lt;init&gt;(InventoryCountTests.java:15)
                        <br>
                        	at java.base/jdk.internal.reflect.NativeConstructorAccessorImpl.newInstance0(Native Method)
                        <br>
                        	at java.base/jdk.internal.reflect.NativeConstructorAccessorImpl.newInstance(NativeConstructorAccessorImpl.java:64)
                        <br>
                        	at java.base/jdk.internal.reflect.DelegatingConstructorAccessorImpl.newInstance(DelegatingConstructorAccessorImpl.java:45)
                        <br>
                        	at java.base/java.lang.reflect.Constructor.newInstanceWithCaller(Constructor.java:500)
                        <br>
                        	at java.base/java.lang.reflect.Constructor.newInstance(Constructor.java:481)
                        <br>
                    </code></td><td>0.271</td>
            </tr>
            <tr valign="top" class="Error">
                <td><a name="TC02_verifySearchInputPlacholder"></a>TC02_verifySearchInputPlacholder</td><td>Error</td><td>Can not set io.appium.java_client.MobileElement field ui.InventoryCount.InventoryCount.openNavigationIcon to org.openqa.selenium.remote.RemoteWebElement$$EnhancerByCGLIB$$d27c0df4
                    <br>
                    <br>
                    <code>java.lang.IllegalArgumentException: Can not set io.appium.java_client.MobileElement field ui.InventoryCount.InventoryCount.openNavigationIcon to org.openqa.selenium.remote.RemoteWebElement$$EnhancerByCGLIB$$d27c0df4
                        <br>
                        	at java.base/jdk.internal.reflect.UnsafeFieldAccessorImpl.throwSetIllegalArgumentException(UnsafeFieldAccessorImpl.java:167)
                        <br>
                        	at java.base/jdk.internal.reflect.UnsafeFieldAccessorImpl.throwSetIllegalArgumentException(UnsafeFieldAccessorImpl.java:171)
                        <br>
                        	at java.base/jdk.internal.reflect.UnsafeObjectFieldAccessorImpl.set(UnsafeObjectFieldAccessorImpl.java:81)
                        <br>
                        	at java.base/java.lang.reflect.Field.set(Field.java:793)
                        <br>
                        	at org.openqa.selenium.support.PageFactory.proxyFields(PageFactory.java:117)
                        <br>
                        	at org.openqa.selenium.support.PageFactory.initElements(PageFactory.java:105)
                        <br>
                        	at tests.BaseTest.&lt;init&gt;(BaseTest.java:26)
                        <br>
                        	at ui.InventoryCount.InventoryCount.&lt;init&gt;(InventoryCount.java:9)
                        <br>
                        	at ui.InventoryCount.InventoryCountActions.&lt;init&gt;(InventoryCountActions.java:14)
                        <br>
                        	at tests.InventoryCountTests.&lt;init&gt;(InventoryCountTests.java:15)
                        <br>
                        	at java.base/jdk.internal.reflect.NativeConstructorAccessorImpl.newInstance0(Native Method)
                        <br>
                        	at java.base/jdk.internal.reflect.NativeConstructorAccessorImpl.newInstance(NativeConstructorAccessorImpl.java:64)
                        <br>
                        	at java.base/jdk.internal.reflect.DelegatingConstructorAccessorImpl.newInstance(DelegatingConstructorAccessorImpl.java:45)
                        <br>
                        	at java.base/java.lang.reflect.Constructor.newInstanceWithCaller(Constructor.java:500)
                        <br>
                        	at java.base/java.lang.reflect.Constructor.newInstance(Constructor.java:481)
                        <br>
                    </code></td><td>0.002</td>
            </tr>
            <tr valign="top" class="Error">
                <td><a name="TC03_verifyErrorMessageAppearsWhenSearchForInvalidInput"></a>TC03_verifyErrorMessageAppearsWhenSearchForInvalidInput</td><td>Error</td><td>Can not set io.appium.java_client.MobileElement field ui.InventoryCount.InventoryCount.openNavigationIcon to org.openqa.selenium.remote.RemoteWebElement$$EnhancerByCGLIB$$d27c0df4
                    <br>
                    <br>
                    <code>java.lang.IllegalArgumentException: Can not set io.appium.java_client.MobileElement field ui.InventoryCount.InventoryCount.openNavigationIcon to org.openqa.selenium.remote.RemoteWebElement$$EnhancerByCGLIB$$d27c0df4
                        <br>
                        	at java.base/jdk.internal.reflect.UnsafeFieldAccessorImpl.throwSetIllegalArgumentException(UnsafeFieldAccessorImpl.java:167)
                        <br>
                        	at java.base/jdk.internal.reflect.UnsafeFieldAccessorImpl.throwSetIllegalArgumentException(UnsafeFieldAccessorImpl.java:171)
                        <br>
                        	at java.base/jdk.internal.reflect.UnsafeObjectFieldAccessorImpl.set(UnsafeObjectFieldAccessorImpl.java:81)
                        <br>
                        	at java.base/java.lang.reflect.Field.set(Field.java:793)
                        <br>
                        	at org.openqa.selenium.support.PageFactory.proxyFields(PageFactory.java:117)
                        <br>
                        	at org.openqa.selenium.support.PageFactory.initElements(PageFactory.java:105)
                        <br>
                        	at tests.BaseTest.&lt;init&gt;(BaseTest.java:26)
                        <br>
                        	at ui.InventoryCount.InventoryCount.&lt;init&gt;(InventoryCount.java:9)
                        <br>
                        	at ui.InventoryCount.InventoryCountActions.&lt;init&gt;(InventoryCountActions.java:14)
                        <br>
                        	at tests.InventoryCountTests.&lt;init&gt;(InventoryCountTests.java:15)
                        <br>
                        	at java.base/jdk.internal.reflect.NativeConstructorAccessorImpl.newInstance0(Native Method)
                        <br>
                        	at java.base/jdk.internal.reflect.NativeConstructorAccessorImpl.newInstance(NativeConstructorAccessorImpl.java:64)
                        <br>
                        	at java.base/jdk.internal.reflect.DelegatingConstructorAccessorImpl.newInstance(DelegatingConstructorAccessorImpl.java:45)
                        <br>
                        	at java.base/java.lang.reflect.Constructor.newInstanceWithCaller(Constructor.java:500)
                        <br>
                        	at java.base/java.lang.reflect.Constructor.newInstance(Constructor.java:481)
                        <br>
                    </code></td><td>0.004</td>
            </tr>
            <tr valign="top" class="Error">
                <td><a name="TC04_verifyResultsFoundWhenSearchForValidInput"></a>TC04_verifyResultsFoundWhenSearchForValidInput</td><td>Error</td><td>Can not set io.appium.java_client.MobileElement field ui.InventoryCount.InventoryCount.openNavigationIcon to org.openqa.selenium.remote.RemoteWebElement$$EnhancerByCGLIB$$d27c0df4
                    <br>
                    <br>
                    <code>java.lang.IllegalArgumentException: Can not set io.appium.java_client.MobileElement field ui.InventoryCount.InventoryCount.openNavigationIcon to org.openqa.selenium.remote.RemoteWebElement$$EnhancerByCGLIB$$d27c0df4
                        <br>
                        	at java.base/jdk.internal.reflect.UnsafeFieldAccessorImpl.throwSetIllegalArgumentException(UnsafeFieldAccessorImpl.java:167)
                        <br>
                        	at java.base/jdk.internal.reflect.UnsafeFieldAccessorImpl.throwSetIllegalArgumentException(UnsafeFieldAccessorImpl.java:171)
                        <br>
                        	at java.base/jdk.internal.reflect.UnsafeObjectFieldAccessorImpl.set(UnsafeObjectFieldAccessorImpl.java:81)
                        <br>
                        	at java.base/java.lang.reflect.Field.set(Field.java:793)
                        <br>
                        	at org.openqa.selenium.support.PageFactory.proxyFields(PageFactory.java:117)
                        <br>
                        	at org.openqa.selenium.support.PageFactory.initElements(PageFactory.java:105)
                        <br>
                        	at tests.BaseTest.&lt;init&gt;(BaseTest.java:26)
                        <br>
                        	at ui.InventoryCount.InventoryCount.&lt;init&gt;(InventoryCount.java:9)
                        <br>
                        	at ui.InventoryCount.InventoryCountActions.&lt;init&gt;(InventoryCountActions.java:14)
                        <br>
                        	at tests.InventoryCountTests.&lt;init&gt;(InventoryCountTests.java:15)
                        <br>
                        	at java.base/jdk.internal.reflect.NativeConstructorAccessorImpl.newInstance0(Native Method)
                        <br>
                        	at java.base/jdk.internal.reflect.NativeConstructorAccessorImpl.newInstance(NativeConstructorAccessorImpl.java:64)
                        <br>
                        	at java.base/jdk.internal.reflect.DelegatingConstructorAccessorImpl.newInstance(DelegatingConstructorAccessorImpl.java:45)
                        <br>
                        	at java.base/java.lang.reflect.Constructor.newInstanceWithCaller(Constructor.java:500)
                        <br>
                        	at java.base/java.lang.reflect.Constructor.newInstance(Constructor.java:481)
                        <br>
                    </code></td><td>0.003</td>
            </tr>
            <tr valign="top" class="Error">
                <td><a name="TC05_verifyManagerCanNavigateToStorageItems"></a>TC05_verifyManagerCanNavigateToStorageItems</td><td>Error</td><td>Can not set io.appium.java_client.MobileElement field ui.InventoryCount.InventoryCount.openNavigationIcon to org.openqa.selenium.remote.RemoteWebElement$$EnhancerByCGLIB$$d27c0df4
                    <br>
                    <br>
                    <code>java.lang.IllegalArgumentException: Can not set io.appium.java_client.MobileElement field ui.InventoryCount.InventoryCount.openNavigationIcon to org.openqa.selenium.remote.RemoteWebElement$$EnhancerByCGLIB$$d27c0df4
                        <br>
                        	at java.base/jdk.internal.reflect.UnsafeFieldAccessorImpl.throwSetIllegalArgumentException(UnsafeFieldAccessorImpl.java:167)
                        <br>
                        	at java.base/jdk.internal.reflect.UnsafeFieldAccessorImpl.throwSetIllegalArgumentException(UnsafeFieldAccessorImpl.java:171)
                        <br>
                        	at java.base/jdk.internal.reflect.UnsafeObjectFieldAccessorImpl.set(UnsafeObjectFieldAccessorImpl.java:81)
                        <br>
                        	at java.base/java.lang.reflect.Field.set(Field.java:793)
                        <br>
                        	at org.openqa.selenium.support.PageFactory.proxyFields(PageFactory.java:117)
                        <br>
                        	at org.openqa.selenium.support.PageFactory.initElements(PageFactory.java:105)
                        <br>
                        	at tests.BaseTest.&lt;init&gt;(BaseTest.java:26)
                        <br>
                        	at ui.InventoryCount.InventoryCount.&lt;init&gt;(InventoryCount.java:9)
                        <br>
                        	at ui.InventoryCount.InventoryCountActions.&lt;init&gt;(InventoryCountActions.java:14)
                        <br>
                        	at tests.InventoryCountTests.&lt;init&gt;(InventoryCountTests.java:15)
                        <br>
                        	at java.base/jdk.internal.reflect.NativeConstructorAccessorImpl.newInstance0(Native Method)
                        <br>
                        	at java.base/jdk.internal.reflect.NativeConstructorAccessorImpl.newInstance(NativeConstructorAccessorImpl.java:64)
                        <br>
                        	at java.base/jdk.internal.reflect.DelegatingConstructorAccessorImpl.newInstance(DelegatingConstructorAccessorImpl.java:45)
                        <br>
                        	at java.base/java.lang.reflect.Constructor.newInstanceWithCaller(Constructor.java:500)
                        <br>
                        	at java.base/java.lang.reflect.Constructor.newInstance(Constructor.java:481)
                        <br>
                    </code></td><td>0.001</td>
            </tr>
            <tr valign="top" class="Error">
                <td><a name="TC06_verifyManagerCanOpenItemDetailsDialog"></a>TC06_verifyManagerCanOpenItemDetailsDialog</td><td>Error</td><td>Can not set io.appium.java_client.MobileElement field ui.InventoryCount.InventoryCount.openNavigationIcon to org.openqa.selenium.remote.RemoteWebElement$$EnhancerByCGLIB$$d27c0df4
                    <br>
                    <br>
                    <code>java.lang.IllegalArgumentException: Can not set io.appium.java_client.MobileElement field ui.InventoryCount.InventoryCount.openNavigationIcon to org.openqa.selenium.remote.RemoteWebElement$$EnhancerByCGLIB$$d27c0df4
                        <br>
                        	at java.base/jdk.internal.reflect.UnsafeFieldAccessorImpl.throwSetIllegalArgumentException(UnsafeFieldAccessorImpl.java:167)
                        <br>
                        	at java.base/jdk.internal.reflect.UnsafeFieldAccessorImpl.throwSetIllegalArgumentException(UnsafeFieldAccessorImpl.java:171)
                        <br>
                        	at java.base/jdk.internal.reflect.UnsafeObjectFieldAccessorImpl.set(UnsafeObjectFieldAccessorImpl.java:81)
                        <br>
                        	at java.base/java.lang.reflect.Field.set(Field.java:793)
                        <br>
                        	at org.openqa.selenium.support.PageFactory.proxyFields(PageFactory.java:117)
                        <br>
                        	at org.openqa.selenium.support.PageFactory.initElements(PageFactory.java:105)
                        <br>
                        	at tests.BaseTest.&lt;init&gt;(BaseTest.java:26)
                        <br>
                        	at ui.InventoryCount.InventoryCount.&lt;init&gt;(InventoryCount.java:9)
                        <br>
                        	at ui.InventoryCount.InventoryCountActions.&lt;init&gt;(InventoryCountActions.java:14)
                        <br>
                        	at tests.InventoryCountTests.&lt;init&gt;(InventoryCountTests.java:15)
                        <br>
                        	at java.base/jdk.internal.reflect.NativeConstructorAccessorImpl.newInstance0(Native Method)
                        <br>
                        	at java.base/jdk.internal.reflect.NativeConstructorAccessorImpl.newInstance(NativeConstructorAccessorImpl.java:64)
                        <br>
                        	at java.base/jdk.internal.reflect.DelegatingConstructorAccessorImpl.newInstance(DelegatingConstructorAccessorImpl.java:45)
                        <br>
                        	at java.base/java.lang.reflect.Constructor.newInstanceWithCaller(Constructor.java:500)
                        <br>
                        	at java.base/java.lang.reflect.Constructor.newInstance(Constructor.java:481)
                        <br>
                    </code></td><td>0.002</td>
            </tr>
            <tr valign="top" class="Error">
                <td><a name="TC07_verifyManagerCanChangeItemQuantity"></a>TC07_verifyManagerCanChangeItemQuantity</td><td>Error</td><td>Can not set io.appium.java_client.MobileElement field ui.InventoryCount.InventoryCount.openNavigationIcon to org.openqa.selenium.remote.RemoteWebElement$$EnhancerByCGLIB$$d27c0df4
                    <br>
                    <br>
                    <code>java.lang.IllegalArgumentException: Can not set io.appium.java_client.MobileElement field ui.InventoryCount.InventoryCount.openNavigationIcon to org.openqa.selenium.remote.RemoteWebElement$$EnhancerByCGLIB$$d27c0df4
                        <br>
                        	at java.base/jdk.internal.reflect.UnsafeFieldAccessorImpl.throwSetIllegalArgumentException(UnsafeFieldAccessorImpl.java:167)
                        <br>
                        	at java.base/jdk.internal.reflect.UnsafeFieldAccessorImpl.throwSetIllegalArgumentException(UnsafeFieldAccessorImpl.java:171)
                        <br>
                        	at java.base/jdk.internal.reflect.UnsafeObjectFieldAccessorImpl.set(UnsafeObjectFieldAccessorImpl.java:81)
                        <br>
                        	at java.base/java.lang.reflect.Field.set(Field.java:793)
                        <br>
                        	at org.openqa.selenium.support.PageFactory.proxyFields(PageFactory.java:117)
                        <br>
                        	at org.openqa.selenium.support.PageFactory.initElements(PageFactory.java:105)
                        <br>
                        	at tests.BaseTest.&lt;init&gt;(BaseTest.java:26)
                        <br>
                        	at ui.InventoryCount.InventoryCount.&lt;init&gt;(InventoryCount.java:9)
                        <br>
                        	at ui.InventoryCount.InventoryCountActions.&lt;init&gt;(InventoryCountActions.java:14)
                        <br>
                        	at tests.InventoryCountTests.&lt;init&gt;(InventoryCountTests.java:15)
                        <br>
                        	at java.base/jdk.internal.reflect.NativeConstructorAccessorImpl.newInstance0(Native Method)
                        <br>
                        	at java.base/jdk.internal.reflect.NativeConstructorAccessorImpl.newInstance(NativeConstructorAccessorImpl.java:64)
                        <br>
                        	at java.base/jdk.internal.reflect.DelegatingConstructorAccessorImpl.newInstance(DelegatingConstructorAccessorImpl.java:45)
                        <br>
                        	at java.base/java.lang.reflect.Constructor.newInstanceWithCaller(Constructor.java:500)
                        <br>
                        	at java.base/java.lang.reflect.Constructor.newInstance(Constructor.java:481)
                        <br>
                    </code></td><td>0.001</td>
            </tr>
            <tr valign="top" class="Error">
                <td><a name="TC08_verifyItemQuantityChanged"></a>TC08_verifyItemQuantityChanged</td><td>Error</td><td>Can not set io.appium.java_client.MobileElement field ui.InventoryCount.InventoryCount.openNavigationIcon to org.openqa.selenium.remote.RemoteWebElement$$EnhancerByCGLIB$$d27c0df4
                    <br>
                    <br>
                    <code>java.lang.IllegalArgumentException: Can not set io.appium.java_client.MobileElement field ui.InventoryCount.InventoryCount.openNavigationIcon to org.openqa.selenium.remote.RemoteWebElement$$EnhancerByCGLIB$$d27c0df4
                        <br>
                        	at java.base/jdk.internal.reflect.UnsafeFieldAccessorImpl.throwSetIllegalArgumentException(UnsafeFieldAccessorImpl.java:167)
                        <br>
                        	at java.base/jdk.internal.reflect.UnsafeFieldAccessorImpl.throwSetIllegalArgumentException(UnsafeFieldAccessorImpl.java:171)
                        <br>
                        	at java.base/jdk.internal.reflect.UnsafeObjectFieldAccessorImpl.set(UnsafeObjectFieldAccessorImpl.java:81)
                        <br>
                        	at java.base/java.lang.reflect.Field.set(Field.java:793)
                        <br>
                        	at org.openqa.selenium.support.PageFactory.proxyFields(PageFactory.java:117)
                        <br>
                        	at org.openqa.selenium.support.PageFactory.initElements(PageFactory.java:105)
                        <br>
                        	at tests.BaseTest.&lt;init&gt;(BaseTest.java:26)
                        <br>
                        	at ui.InventoryCount.InventoryCount.&lt;init&gt;(InventoryCount.java:9)
                        <br>
                        	at ui.InventoryCount.InventoryCountActions.&lt;init&gt;(InventoryCountActions.java:14)
                        <br>
                        	at tests.InventoryCountTests.&lt;init&gt;(InventoryCountTests.java:15)
                        <br>
                        	at java.base/jdk.internal.reflect.NativeConstructorAccessorImpl.newInstance0(Native Method)
                        <br>
                        	at java.base/jdk.internal.reflect.NativeConstructorAccessorImpl.newInstance(NativeConstructorAccessorImpl.java:64)
                        <br>
                        	at java.base/jdk.internal.reflect.DelegatingConstructorAccessorImpl.newInstance(DelegatingConstructorAccessorImpl.java:45)
                        <br>
                        	at java.base/java.lang.reflect.Constructor.newInstanceWithCaller(Constructor.java:500)
                        <br>
                        	at java.base/java.lang.reflect.Constructor.newInstance(Constructor.java:481)
                        <br>
                    </code></td><td>0.003</td>
            </tr>
            <tr valign="top" class="Error">
                <td><a name="TC09_verifyTotalCosts"></a>TC09_verifyTotalCosts</td><td>Error</td><td>Can not set io.appium.java_client.MobileElement field ui.InventoryCount.InventoryCount.openNavigationIcon to org.openqa.selenium.remote.RemoteWebElement$$EnhancerByCGLIB$$d27c0df4
                    <br>
                    <br>
                    <code>java.lang.IllegalArgumentException: Can not set io.appium.java_client.MobileElement field ui.InventoryCount.InventoryCount.openNavigationIcon to org.openqa.selenium.remote.RemoteWebElement$$EnhancerByCGLIB$$d27c0df4
                        <br>
                        	at java.base/jdk.internal.reflect.UnsafeFieldAccessorImpl.throwSetIllegalArgumentException(UnsafeFieldAccessorImpl.java:167)
                        <br>
                        	at java.base/jdk.internal.reflect.UnsafeFieldAccessorImpl.throwSetIllegalArgumentException(UnsafeFieldAccessorImpl.java:171)
                        <br>
                        	at java.base/jdk.internal.reflect.UnsafeObjectFieldAccessorImpl.set(UnsafeObjectFieldAccessorImpl.java:81)
                        <br>
                        	at java.base/java.lang.reflect.Field.set(Field.java:793)
                        <br>
                        	at org.openqa.selenium.support.PageFactory.proxyFields(PageFactory.java:117)
                        <br>
                        	at org.openqa.selenium.support.PageFactory.initElements(PageFactory.java:105)
                        <br>
                        	at tests.BaseTest.&lt;init&gt;(BaseTest.java:26)
                        <br>
                        	at ui.InventoryCount.InventoryCount.&lt;init&gt;(InventoryCount.java:9)
                        <br>
                        	at ui.InventoryCount.InventoryCountActions.&lt;init&gt;(InventoryCountActions.java:14)
                        <br>
                        	at tests.InventoryCountTests.&lt;init&gt;(InventoryCountTests.java:15)
                        <br>
                        	at java.base/jdk.internal.reflect.NativeConstructorAccessorImpl.newInstance0(Native Method)
                        <br>
                        	at java.base/jdk.internal.reflect.NativeConstructorAccessorImpl.newInstance(NativeConstructorAccessorImpl.java:64)
                        <br>
                        	at java.base/jdk.internal.reflect.DelegatingConstructorAccessorImpl.newInstance(DelegatingConstructorAccessorImpl.java:45)
                        <br>
                        	at java.base/java.lang.reflect.Constructor.newInstanceWithCaller(Constructor.java:500)
                        <br>
                        	at java.base/java.lang.reflect.Constructor.newInstance(Constructor.java:481)
                        <br>
                    </code></td><td>0.002</td>
            </tr>
        </table>
        <div class="Properties">
            <a href="javascript:displayProperties('runners.JUnitTestRunner');">
                    Properties &raquo;
                </a>
        </div>
    </body>
</html>
